INFO:root:2019-07-25 (13:42:04.075266) : Start Clean


INFO:root:2019-07-25 (13:43:15.149305) : Start Clean


INFO:root:2019-07-25 (13:50:01.951616) : Start Clean


INFO:root:2019-07-25 (13:50:01.952617) : Program Exit


INFO:root:2019-07-25 (13:50:20.080055) : Start Clean


INFO:root:2019-07-25 (13:50:59.575891) : Start Clean


INFO:root:2019-07-25 (13:50:59.575891) : Program exit

INFO:root:2019-07-25 (13:53:15.324273) : Start Clean


INFO:root:2019-07-25 13:55:51.860676 : Start Clean


INFO:root:2019-07-25 13:55:52.673801 : ..\Desktop\francais.pdf --> ..\PDFs

INFO:root:2019-07-25 14:00:22.999698 : ..\Desktop\récépissé486717.pdf --> ..\PDFs

INFO:root:2019-07-25 14:00:23.000669 : End Clean


2019-07-25 15:04:02,250:INFO:Start Clean
2019-07-25 15:04:07,932:INFO:End Clean
2019-07-25 16:36:35,650:INFO:Start App
2019-07-25 16:36:35,650:INFO:source directory : C:\Users\NG8203C\Desktop\CodeBase\Clean Desktop
2019-07-25 16:36:35,650:INFO:Desktop path is C:\Users\NG8203C\Desktop\
2019-07-25 16:36:35,650:INFO:Start Clean
2019-07-25 16:38:46,437:INFO:Start App
2019-07-25 16:38:46,438:INFO:source directory : C:\Users\NG8203C\Desktop\CodeBase\Clean Desktop
2019-07-25 16:38:46,438:INFO:Desktop path is C:\Users\NG8203C\Desktop\
2019-07-25 16:38:46,438:INFO:Start Clean
2019-07-25 16:38:47,260:INFO:..\Desktop\20190716security_acl_detail.xlsx --> ..\C:\Users\NG8203C\Desktop\Data
2019-07-25 16:38:47,261:INFO:..\Desktop\20190724problem(1).xlsx --> ..\C:\Users\NG8203C\Desktop\Data
2019-07-25 16:38:47,263:INFO:..\Desktop\20190724remove disconnected item(10).xls --> ..\C:\Users\NG8203C\Desktop\Data
2019-07-25 16:38:47,263:WARNING:PowerfulPython.pdf not ordered because PermissionError.
2019-07-25 16:38:47,265:INFO:..\Desktop\Vidéo de Bast (1).mp4 --> ..\C:\Users\NG8203C\Desktop\Videos
2019-07-25 16:38:47,265:INFO:End Clean
2019-07-25 16:40:51,755:INFO:Start App
2019-07-25 16:40:51,755:INFO:source directory : C:\Users\NG8203C\Desktop\CodeBase\Clean Desktop
2019-07-25 16:40:51,756:INFO:Desktop path is C:\Users\NG8203C\Desktop\
2019-07-25 16:40:51,756:INFO:Start Clean
2019-07-25 16:40:52,517:WARNING:PowerfulPython.pdf not ordered because PermissionError.
2019-07-25 16:40:52,518:INFO:End Clean
2019-07-25 16:40:58,731:INFO:Desktop was already clean
2019-07-25 16:40:58,732:INFO:End App
2019-07-25 16:41:31,601:INFO:Start App
2019-07-25 16:41:31,602:INFO:source directory : C:\Users\NG8203C\Desktop\CodeBase\Clean Desktop
2019-07-25 16:41:31,602:INFO:Desktop path is C:\Users\NG8203C\Desktop\
2019-07-25 16:41:31,602:INFO:Start Clean
2019-07-25 16:41:32,620:WARNING:PowerfulPython.pdf not ordered because PermissionError.
2019-07-25 16:41:32,620:INFO:End Clean
2019-07-25 16:41:43,703:INFO:Desktop was already clean
2019-07-25 16:41:43,703:INFO:End App
2019-07-25 16:42:06,075:INFO:Start App
2019-07-25 16:42:06,075:INFO:source directory : C:\Users\NG8203C\Desktop\CodeBase\Clean Desktop
2019-07-25 16:42:06,075:INFO:Desktop path is C:\Users\NG8203C\Desktop\
2019-07-25 16:42:06,076:INFO:Start Clean
2019-07-25 16:42:07,051:INFO:..\Desktop\20190724problem(1)(2).xlsx --> ..\C:\Users\NG8203C\Desktop\Data
2019-07-25 16:42:07,057:INFO:..\Desktop\20190724problem(1).xlsx --> ..\C:\Users\NG8203C\Desktop\Data
2019-07-25 16:42:07,068:INFO:..\Desktop\20190724remove disconnected item(10)(11).xls --> ..\C:\Users\NG8203C\Desktop\Data
2019-07-25 16:42:07,070:INFO:..\Desktop\20190724remove disconnected item(10).xls --> ..\C:\Users\NG8203C\Desktop\Data
2019-07-25 16:42:07,071:WARNING:PowerfulPython.pdf not ordered because PermissionError.
2019-07-25 16:42:07,072:INFO:End Clean
2019-07-25 16:42:16,766:INFO:End App
