2019-09-14 19:21:36,366:INFO:Start App ===>
2019-09-14 19:21:36,366:INFO:Source Directory: C:\Users\NG8203C\Desktop\CodeBase\Clean Desktop
2019-09-14 19:21:36,366:INFO:Desktop path: C:\Users\NG8203C\Desktop\
2019-09-14 19:21:36,366:INFO:Start Clean --->
2019-09-14 19:21:41,000:INFO:..\Desktop\1534-not-k_2751.pdf --> ..\C:\Users\NG8203C\Desktop\Documents
2019-09-14 19:21:41,004:INFO:..\Desktop\957343_8425e59f93984d60969d47b98e86fbef.pdf --> ..\C:\Users\NG8203C\Desktop\Documents
2019-09-14 19:21:41,007:INFO:..\Desktop\Accusé de réception.pdf --> ..\C:\Users\NG8203C\Desktop\Documents
2019-09-14 19:21:41,011:INFO:..\Desktop\Add Incident Missing IDs.PNG --> ..\C:\Users\NG8203C\Desktop\Trash
2019-09-14 19:21:41,012:ERROR:Error while moving: Add Incident Missing IDs.PNG, it was probably not moved
 Error:[WinError 2] The system cannot find the file specified: 'C:\\Users\\NG8203C\\Desktop\\Add Incident Missing IDs.PNG' -> 'C:\\Users\\NG8203C\\Desktop\\Trash\\Add Incident Missing IDs.PNG'
2019-09-14 19:21:41,014:INFO:..\Desktop\Airbus_ServiceNow_Trainer_Guide_Incident.pdf --> ..\C:\Users\NG8203C\Desktop\Documents
2019-09-14 19:21:41,019:INFO:..\Desktop\Avis_de_taxes_foncieres_2019.pdf --> ..\C:\Users\NG8203C\Desktop\Documents
2019-09-14 19:21:41,021:INFO:..\Desktop\Avis_d_impot_2019_sur_les_revenus_et_prelev_sociaux_2018.pdf --> ..\C:\Users\NG8203C\Desktop\Documents
2019-09-14 19:21:41,025:INFO:..\Desktop\Demo Videos (1).zip --> ..\C:\Users\NG8203C\Desktop\Trash
2019-09-14 19:21:41,027:INFO:..\Desktop\Demo Videos.zip --> ..\C:\Users\NG8203C\Desktop\Trash
2019-09-14 19:21:41,029:INFO:..\Desktop\download.pdf --> ..\C:\Users\NG8203C\Desktop\Documents
2019-09-14 19:21:41,033:INFO:..\Desktop\Golden Rules for resolver groups-V1.3.pdf --> ..\C:\Users\NG8203C\Desktop\Documents
2019-09-14 19:21:41,035:INFO:..\Desktop\IM - Reopen resolved child with empty fields.mp4 --> ..\C:\Users\NG8203C\Desktop\Videos
2019-09-14 19:21:41,038:INFO:..\Desktop\IM interface with other processes (1).pptx --> ..\C:\Users\NG8203C\Desktop\Trash
2019-09-14 19:21:41,043:INFO:..\Desktop\IM Interface with other processes.pptx --> ..\C:\Users\NG8203C\Desktop\Trash\IM Interface with other processes(1).pptx
2019-09-14 19:21:41,046:INFO:..\Desktop\licecap128-install.exe --> ..\C:\Users\NG8203C\Desktop\Installs
2019-09-14 19:21:41,050:INFO:..\Desktop\Notes from Demo 4 of capturing PSL data etc onto Problem Affected CI and Impacted CI to support reporting and Problem Impact Analysis.eml --> ..\C:\Users\NG8203C\Desktop\Trash
2019-09-14 19:21:41,053:INFO:..\Desktop\Related List Tabs CI specification v1mtg 2019_08_14.docx --> ..\C:\Users\NG8203C\Desktop\Trash
2019-09-14 19:21:41,055:INFO:..\Desktop\SeDeplacerSiteToulouse_1.pdf --> ..\C:\Users\NG8203C\Desktop\Documents
2019-09-14 19:21:41,058:INFO:..\Desktop\ServiceDesk Handbook for Resolver Groups_April_2017_V2.pdf --> ..\C:\Users\NG8203C\Desktop\Documents
2019-09-14 19:21:41,061:INFO:..\Desktop\SNOW - Manually created service applications.xlsx --> ..\C:\Users\NG8203C\Desktop\Data
2019-09-14 19:21:41,065:INFO:..\Desktop\Training Sessions.xlsx --> ..\C:\Users\NG8203C\Desktop\Data
2019-09-14 19:21:41,068:INFO:..\Desktop\Update_Airbus_ServiceNow_Incident Management Transversal V1.6.pptx --> ..\C:\Users\NG8203C\Desktop\Trash
2019-09-14 19:21:41,070:INFO:..\Desktop\~$lated List Tabs CI specification v1mtg 2019_08_14.docx --> ..\C:\Users\NG8203C\Desktop\Trash
2019-09-14 19:21:41,071:INFO:---> End Clean
2019-09-14 19:21:46,057:INFO:===> End App
