2019-08-05 09:31:20,045:INFO:
Start App
2019-08-05 09:31:20,045:INFO:Source Directory: C:\Users\NG8203C\Desktop\CodeBase\Clean Desktop
2019-08-05 09:31:20,045:INFO:Desktop path: C:\Users\NG8203C\Desktop\
2019-08-05 09:31:20,045:INFO:
Start Clean
2019-08-05 09:31:32,378:INFO:
Start App
2019-08-05 09:31:32,378:INFO:Source Directory: C:\Users\NG8203C\Desktop\CodeBase\Clean Desktop
2019-08-05 09:31:32,378:INFO:Desktop path: C:\Users\NG8203C\Desktop\
2019-08-05 09:31:32,378:INFO:
Start Clean
2019-08-05 09:31:53,674:INFO:
Start App
2019-08-05 09:31:53,675:INFO:Source Directory: C:\Users\NG8203C\Desktop\CodeBase\Clean Desktop
2019-08-05 09:31:53,675:INFO:Desktop path: C:\Users\NG8203C\Desktop\
2019-08-05 09:31:53,675:INFO:
Start Clean
2019-08-05 09:31:56,246:INFO:..\Desktop\0838af06-29fe-42f2-9113-442ab1e2ff9d.pdf --> ..\C:\Users\NG8203C\Desktop\PDFs
2019-08-05 09:31:56,247:INFO:..\Desktop\ADC.PNG --> ..\C:\Users\NG8203C\Desktop\Trash
2019-08-05 09:31:56,247:ERROR:Error while moving: ADC.PNG, it was probably not moved
 Error:[WinError 2] The system cannot find the file specified: 'C:\\Users\\NG8203C\\Desktop\\ADC.PNG' -> 'C:\\Users\\NG8203C\\Desktop\\Trash\\ADC.PNG'
2019-08-05 09:31:56,249:INFO:..\Desktop\Application list.pdf --> ..\C:\Users\NG8203C\Desktop\PDFs
2019-08-05 09:31:56,250:INFO:..\Desktop\basemap-1.2.0-cp37-cp37m-win_amd64.whl --> ..\C:\Users\NG8203C\Desktop\Python Packages
2019-08-05 09:31:56,251:INFO:..\Desktop\Bulletin de paie du 2019-06-30.pdf --> ..\C:\Users\NG8203C\Desktop\PDFs
2019-08-05 09:31:56,252:INFO:..\Desktop\Bulletin de paie du 2019-07-31.pdf --> ..\C:\Users\NG8203C\Desktop\PDFs
2019-08-05 09:31:56,253:INFO:..\Desktop\CIC_tarifs-particuliers.pdf --> ..\C:\Users\NG8203C\Desktop\PDFs
2019-08-05 09:31:56,254:INFO:..\Desktop\CUTOVER TO DO.xlsx --> ..\C:\Users\NG8203C\Desktop\Data
2019-08-05 09:31:56,256:INFO:..\Desktop\ne_110m_populated_places_simple.zip --> ..\C:\Users\NG8203C\Desktop\Trash
2019-08-05 09:31:56,258:INFO:..\Desktop\Re  the layer we need in ServiceNow.msg --> ..\C:\Users\NG8203C\Desktop\Trash
2019-08-05 09:31:56,259:INFO:..\Desktop\ServiceNow_Request_BRS_Application_SAP_China_FAL V1.0.xlsx --> ..\C:\Users\NG8203C\Desktop\Data
2019-08-05 09:31:56,260:INFO:End Clean
2019-08-05 09:32:09,130:INFO:End App
