2019-07-26 10:08:01,287:INFO:Start App
2019-07-26 10:08:01,288:INFO:source directory : C:\Users\NG8203C\Desktop\CodeBase\Clean Desktop
2019-07-26 10:08:01,289:INFO:Desktop path is C:\Users\NG8203C\Desktop\
2019-07-26 10:08:01,290:INFO:Start Clean
2019-07-26 10:08:02,121:INFO:..\Desktop\20190716security_acl_detail(1).xlsx --> ..\C:\Users\NG8203C\Desktop\Data
2019-07-26 10:08:02,123:INFO:..\Desktop\20190724problem(1).xlsx --> ..\C:\Users\NG8203C\Desktop\Data
2019-07-26 10:08:02,126:INFO:..\Desktop\20190724remove disconnected item(10).xls --> ..\C:\Users\NG8203C\Desktop\Data
2019-07-26 10:08:02,129:INFO:..\Desktop\20190724security_acl_detail (1).xlsx --> ..\C:\Users\NG8203C\Desktop\Data
2019-07-26 10:08:02,131:INFO:..\Desktop\20190724security_acl_detail (2).xlsx --> ..\C:\Users\NG8203C\Desktop\Data
2019-07-26 10:08:02,133:INFO:..\Desktop\20190724sys_api_stats_whitelist (1).csv --> ..\C:\Users\NG8203C\Desktop\Data
2019-07-26 10:08:02,135:WARNING:CIC_tarifs-particuliers.pdf not ordered because PermissionError.
2019-07-26 10:08:02,139:INFO:..\Desktop\PowerfulPython.pdf --> ..\C:\Users\NG8203C\Desktop\PDFs
2019-07-26 10:08:02,141:INFO:End Clean
2019-07-26 10:08:17,892:INFO:End App
2019-07-26 10:08:43,595:INFO:Start App
2019-07-26 10:08:43,596:INFO:source directory : C:\Users\NG8203C\Desktop\CodeBase\Clean Desktop
2019-07-26 10:08:43,597:INFO:Desktop path is C:\Users\NG8203C\Desktop\
2019-07-26 10:08:43,597:INFO:Start Clean
2019-07-26 10:08:44,933:INFO:..\Desktop\20190716security_acl_detail(1).xlsx --> ..\C:\Users\NG8203C\Desktop\Data
2019-07-26 10:08:44,936:INFO:..\Desktop\20190724problem(1).xlsx --> ..\C:\Users\NG8203C\Desktop\Data
2019-07-26 10:08:44,938:INFO:..\Desktop\20190724remove disconnected item(10).xls --> ..\C:\Users\NG8203C\Desktop\Data
2019-07-26 10:08:44,942:INFO:..\Desktop\20190724security_acl_detail (1).xlsx --> ..\C:\Users\NG8203C\Desktop\Data
2019-07-26 10:08:44,945:INFO:..\Desktop\20190724security_acl_detail (2).xlsx --> ..\C:\Users\NG8203C\Desktop\Data
2019-07-26 10:08:44,947:INFO:..\Desktop\20190724sys_api_stats_whitelist (1).csv --> ..\C:\Users\NG8203C\Desktop\Data
2019-07-26 10:08:44,948:WARNING:CIC_tarifs-particuliers.pdf not ordered because PermissionError.
2019-07-26 10:08:44,952:INFO:End Clean
2019-07-26 10:09:39,308:INFO:Desktop was already clean
2019-07-26 10:09:39,309:INFO:End App
2019-07-26 10:09:42,758:INFO:Start App
2019-07-26 10:09:42,759:INFO:source directory : C:\Users\NG8203C\Desktop\CodeBase\Clean Desktop
2019-07-26 10:09:42,760:INFO:Desktop path is C:\Users\NG8203C\Desktop\
2019-07-26 10:09:42,761:INFO:Start Clean
2019-07-26 10:09:44,115:INFO:..\Desktop\20190716security_acl_detail(1).xlsx --> ..\C:\Users\NG8203C\Desktop\Data
2019-07-26 10:09:44,119:INFO:..\Desktop\20190724problem(1).xlsx --> ..\C:\Users\NG8203C\Desktop\Data
2019-07-26 10:09:44,125:INFO:..\Desktop\20190724remove disconnected item(10).xls --> ..\C:\Users\NG8203C\Desktop\Data
2019-07-26 10:09:44,130:INFO:..\Desktop\20190724security_acl_detail (1).xlsx --> ..\C:\Users\NG8203C\Desktop\Data
2019-07-26 10:09:44,135:INFO:..\Desktop\20190724security_acl_detail (2).xlsx --> ..\C:\Users\NG8203C\Desktop\Data
2019-07-26 10:09:44,140:INFO:..\Desktop\20190724sys_api_stats_whitelist (1).csv --> ..\C:\Users\NG8203C\Desktop\Data
2019-07-26 10:09:44,141:WARNING:CIC_tarifs-particuliers.pdf not ordered because PermissionError.
2019-07-26 10:09:44,144:INFO:End Clean
2019-07-26 10:09:56,630:INFO:End App
2019-07-26 10:10:38,566:INFO:Start App
2019-07-26 10:10:38,567:INFO:source directory : C:\Users\NG8203C\Desktop\CodeBase\Clean Desktop
2019-07-26 10:10:38,568:INFO:Desktop path is C:\Users\NG8203C\Desktop\
2019-07-26 10:10:38,568:INFO:Start Clean
2019-07-26 10:10:39,500:INFO:..\Desktop\20190724security_acl_detail (1).xlsx --> ..\C:\Users\NG8203C\Desktop\Data
2019-07-26 10:10:39,502:WARNING:CIC_tarifs-particuliers.pdf not ordered because PermissionError.
2019-07-26 10:10:39,505:INFO:End Clean
2019-07-26 10:10:47,758:INFO:End App
2019-07-26 10:14:51,843:INFO:Start App
2019-07-26 10:14:51,843:INFO:source directory : C:\Users\NG8203C\Desktop\CodeBase\Clean Desktop
2019-07-26 10:14:51,844:INFO:Desktop path is C:\Users\NG8203C\Desktop\
2019-07-26 10:14:51,845:INFO:Start Clean
2019-07-26 10:14:52,909:INFO:..\Desktop\20190716security_acl_detail(1).xlsx --> ..\C:\Users\NG8203C\Desktop\Data\20190716security_acl_detail(3).xlsx
2019-07-26 10:14:53,284:INFO:..\Desktop\20190716security_acl_detail(2).xlsx --> ..\C:\Users\NG8203C\Desktop\Data\20190716security_acl_detail(4).xlsx
2019-07-26 10:14:53,290:INFO:..\Desktop\20190716security_acl_detail.xlsx --> ..\C:\Users\NG8203C\Desktop\Data\20190716security_acl_detail(5).xlsx
2019-07-26 10:14:53,294:INFO:..\Desktop\20190724problem(1)(2)(3)(4).xlsx --> ..\C:\Users\NG8203C\Desktop\Data\20190724problem(1)(2)(3)(5).xlsx
2019-07-26 10:14:53,299:INFO:..\Desktop\20190724problem(1)(2)(3).xlsx --> ..\C:\Users\NG8203C\Desktop\Data\20190724problem(1)(2)(4).xlsx
2019-07-26 10:14:53,304:INFO:..\Desktop\20190724problem(1)(2).xlsx --> ..\C:\Users\NG8203C\Desktop\Data\20190724problem(1)(3).xlsx
2019-07-26 10:14:53,310:INFO:..\Desktop\20190724problem(1).xlsx --> ..\C:\Users\NG8203C\Desktop\Data\20190724problem(3).xlsx
2019-07-26 10:14:53,315:INFO:..\Desktop\20190724problem(2).xlsx --> ..\C:\Users\NG8203C\Desktop\Data\20190724problem(4).xlsx
2019-07-26 10:14:53,317:WARNING:CIC_tarifs-particuliers.pdf not ordered because PermissionError.
2019-07-26 10:14:53,320:INFO:End Clean
2019-07-26 10:14:58,646:INFO:End App
